<?xml version="1.0" encoding="UTF-8"?>
<testng-results ignored="3" total="14" passed="10" failed="1" skipped="0">
  <reporter-output>
  </reporter-output>
  <suite started-at="2021-04-25T23:44:24 GMT-07:00" name="Personal name" finished-at="2021-04-25T23:44:25 GMT-07:00" duration-ms="561">
    <groups>
    </groups>
    <test started-at="2021-04-25T23:44:24 GMT-07:00" name="Test" finished-at="2021-04-25T23:44:25 GMT-07:00" duration-ms="300">
      <class name="TestPackage.Day2">
        <test-method signature="Demo2()[pri:0, instance:TestPackage.Day2@6c779568]" started-at="2021-04-25T23:44:25 GMT-07:00" name="Demo2" finished-at="2021-04-25T23:44:25 GMT-07:00" duration-ms="13" status="FAIL">
          <exception class="java.lang.AssertionError">
            <message>
              <![CDATA[expected [true] but found [false]]]>
            </message>
            <full-stacktrace>
              <![CDATA[java.lang.AssertionError: expected [true] but found [false]
at org.testng.Assert.fail(Assert.java:99)
at org.testng.Assert.failNotEquals(Assert.java:1037)
at org.testng.Assert.assertTrue(Assert.java:45)
at org.testng.Assert.assertTrue(Assert.java:55)
at TestPackage.Day2.Demo2(Day2.java:14)
at java.base/jdk.internal.reflect.NativeMethodAccessorImpl.invoke0(Native Method)
at java.base/jdk.internal.reflect.NativeMethodAccessorImpl.invoke(NativeMethodAccessorImpl.java:64)
at java.base/jdk.internal.reflect.DelegatingMethodAccessorImpl.invoke(DelegatingMethodAccessorImpl.java:43)
at java.base/java.lang.reflect.Method.invoke(Method.java:564)
at org.testng.internal.MethodInvocationHelper.invokeMethod(MethodInvocationHelper.java:132)
at org.testng.internal.TestInvoker.invokeMethod(TestInvoker.java:599)
at org.testng.internal.TestInvoker.invokeTestMethod(TestInvoker.java:174)
at org.testng.internal.MethodRunner.runInSequence(MethodRunner.java:46)
at org.testng.internal.TestInvoker$MethodInvocationAgent.invoke(TestInvoker.java:822)
at org.testng.internal.TestInvoker.invokeTestMethods(TestInvoker.java:147)
at org.testng.internal.TestMethodWorker.invokeTestMethods(TestMethodWorker.java:146)
at org.testng.internal.TestMethodWorker.run(TestMethodWorker.java:128)
at java.base/java.util.ArrayList.forEach(ArrayList.java:1511)
at org.testng.TestRunner.privateRun(TestRunner.java:764)
at org.testng.TestRunner.run(TestRunner.java:585)
at org.testng.SuiteRunner.runTest(SuiteRunner.java:384)
at org.testng.SuiteRunner.access$000(SuiteRunner.java:28)
at org.testng.SuiteRunner$SuiteWorker.run(SuiteRunner.java:425)
at org.testng.internal.thread.ThreadUtil.lambda$execute$0(ThreadUtil.java:66)
at java.base/java.util.concurrent.FutureTask.run(FutureTask.java:264)
at java.base/java.util.concurrent.ThreadPoolExecutor.runWorker(ThreadPoolExecutor.java:1130)
at java.base/java.util.concurrent.ThreadPoolExecutor$Worker.run(ThreadPoolExecutor.java:630)
at java.base/java.lang.Thread.run(Thread.java:832)
]]>
            </full-stacktrace>
          </exception> <!-- java.lang.AssertionError -->
          <reporter-output>
          </reporter-output>
        </test-method> <!-- Demo2 -->
        <test-method is-config="true" signature="sub()[pri:0, instance:TestPackage.Day2@6c779568]" started-at="2021-04-25T23:44:25 GMT-07:00" name="sub" finished-at="2021-04-25T23:44:25 GMT-07:00" duration-ms="1" status="PASS">
          <reporter-output>
          </reporter-output>
        </test-method> <!-- sub -->
      </class> <!-- TestPackage.Day2 -->
      <class name="TestPackage.Day4">
        <test-method signature="XoginAPILoan()[pri:0, instance:TestPackage.Day4@f381794]" started-at="2021-04-25T23:44:25 GMT-07:00" name="XoginAPILoan" finished-at="2021-04-25T23:44:25 GMT-07:00" duration-ms="14" status="PASS">
          <reporter-output>
          </reporter-output>
        </test-method> <!-- XoginAPILoan -->
        <test-method signature="MobloginHomeloan()[pri:0, instance:TestPackage.Day4@f381794]" started-at="2021-04-25T23:44:25 GMT-07:00" name="MobloginHomeloan" finished-at="2021-04-25T23:44:25 GMT-07:00" duration-ms="9" status="PASS">
          <reporter-output>
          </reporter-output>
        </test-method> <!-- MobloginHomeloan -->
        <test-method signature="webloginHomeloan()[pri:0, instance:TestPackage.Day4@f381794]" started-at="2021-04-25T23:44:25 GMT-07:00" name="webloginHomeloan" finished-at="2021-04-25T23:44:25 GMT-07:00" depends-on-methods="TestPackage.Day4.XoginAPILoan" duration-ms="4" status="PASS">
          <reporter-output>
          </reporter-output>
        </test-method> <!-- webloginHomeloan -->
      </class> <!-- TestPackage.Day4 -->
      <class name="TestPackage.Day1">
        <test-method is-config="true" signature="afsuit()[pri:0, instance:TestPackage.Day1@6f27a732]" started-at="2021-04-25T23:44:25 GMT-07:00" name="afsuit" finished-at="2021-04-25T23:44:25 GMT-07:00" duration-ms="16" status="PASS">
          <reporter-output>
          </reporter-output>
        </test-method> <!-- afsuit -->
        <test-method signature="demo1()[pri:0, instance:TestPackage.Day1@6f27a732]" started-at="2021-04-25T23:44:25 GMT-07:00" name="demo1" finished-at="2021-04-25T23:44:25 GMT-07:00" duration-ms="12" status="PASS">
          <reporter-output>
          </reporter-output>
        </test-method> <!-- demo1 -->
      </class> <!-- TestPackage.Day1 -->
    </test> <!-- Test -->
    <test started-at="2021-04-25T23:44:24 GMT-07:00" name="carloan" finished-at="2021-04-25T23:44:25 GMT-07:00" duration-ms="561">
      <class name="TestPackage.Day3">
        <test-method signature="MobileLoginAPCarLoan()[pri:0, instance:TestPackage.Day3@72cde7cc]" started-at="2021-04-25T23:44:25 GMT-07:00" name="MobileLoginAPCarLoan" finished-at="2021-04-25T23:44:25 GMT-07:00" duration-ms="21" status="PASS">
          <reporter-output>
          </reporter-output>
        </test-method> <!-- MobileLoginAPCarLoan -->
        <test-method signature="MobileLoginAPICarLoan()[pri:0, instance:TestPackage.Day3@72cde7cc]" started-at="2021-04-25T23:44:25 GMT-07:00" name="MobileLoginAPICarLoan" finished-at="2021-04-25T23:44:25 GMT-07:00" duration-ms="25" status="PASS">
          <reporter-output>
          </reporter-output>
        </test-method> <!-- MobileLoginAPICarLoan -->
        <test-method signature="Mobilelogicarloan()[pri:0, instance:TestPackage.Day3@72cde7cc]" started-at="2021-04-25T23:44:25 GMT-07:00" name="Mobilelogicarloan" finished-at="2021-04-25T23:44:25 GMT-07:00" duration-ms="4" status="PASS">
          <reporter-output>
          </reporter-output>
        </test-method> <!-- Mobilelogicarloan -->
        <test-method signature="Mobilelogincarloan(java.lang.String, java.lang.String)[pri:0, instance:TestPackage.Day3@72cde7cc]" started-at="2021-04-25T23:44:25 GMT-07:00" name="Mobilelogincarloan" data-provider="dp" finished-at="2021-04-25T23:44:25 GMT-07:00" duration-ms="24" status="PASS">
          <params>
            <param index="0">
              <value>
                <![CDATA[Firstname]]>
              </value>
            </param>
            <param index="1">
              <value>
                <![CDATA[Firstpassword]]>
              </value>
            </param>
          </params>
          <reporter-output>
          </reporter-output>
        </test-method> <!-- Mobilelogincarloan -->
        <test-method signature="Mobilelogincarloan(java.lang.String, java.lang.String)[pri:0, instance:TestPackage.Day3@72cde7cc]" started-at="2021-04-25T23:44:25 GMT-07:00" name="Mobilelogincarloan" data-provider="dp" finished-at="2021-04-25T23:44:25 GMT-07:00" duration-ms="13" status="PASS">
          <params>
            <param index="0">
              <value>
                <![CDATA[Secondname]]>
              </value>
            </param>
            <param index="1">
              <value>
                <![CDATA[Secondpassword]]>
              </value>
            </param>
          </params>
          <reporter-output>
          </reporter-output>
        </test-method> <!-- Mobilelogincarloan -->
        <test-method signature="Mobilelogincarloan(java.lang.String, java.lang.String)[pri:0, instance:TestPackage.Day3@72cde7cc]" started-at="2021-04-25T23:44:25 GMT-07:00" name="Mobilelogincarloan" data-provider="dp" finished-at="2021-04-25T23:44:25 GMT-07:00" duration-ms="17" status="PASS">
          <params>
            <param index="0">
              <value>
                <![CDATA[Thirdname]]>
              </value>
            </param>
            <param index="1">
              <value>
                <![CDATA[Thirdpassword]]>
              </value>
            </param>
          </params>
          <reporter-output>
          </reporter-output>
        </test-method> <!-- Mobilelogincarloan -->
      </class> <!-- TestPackage.Day3 -->
    </test> <!-- carloan -->
  </suite> <!-- Personal name -->
</testng-results>
