<?xml version="1.0" encoding="UTF-8"?>
<!-- Generated by org.testng.reporters.JUnitXMLReporter -->
<testsuite ignored="2" hostname="DESKTOP-ERNB189" failures="0" tests="6" name="carloan" time="0.561" errors="0" timestamp="2021-04-25T23:44:25 GMT-07:00">
  <testcase classname="TestPackage.Day3" name="MobileLoginAPCarLoan" time="0.021"/>
  <testcase classname="TestPackage.Day3" name="MobileLoginAPICarLoan" time="0.025"/>
  <testcase classname="TestPackage.Day3" name="Mobilelogicarloan" time="0.004"/>
  <testcase classname="TestPackage.Day3" name="Mobilelogincarloan" time="0.024"/>
  <testcase classname="TestPackage.Day3" name="Mobilelogincarloan" time="0.013"/>
  <testcase classname="TestPackage.Day3" name="Mobilelogincarloan" time="0.017"/>
  <testcase classname="TestPackage.Day3" name="LoginAPICarLoan" time="0.0">
    <ignored/>
  </testcase> <!-- LoginAPICarLoan -->
  <testcase classname="TestPackage.Day3" name="bfsuit" time="0.0">
    <ignored/>
  </testcase> <!-- bfsuit -->
</testsuite> <!-- carloan -->
