<?xml version="1.0" encoding="UTF-8"?>
<!-- Generated by org.testng.reporters.JUnitXMLReporter -->
<testsuite ignored="1" hostname="DESKTOP-ERNB189" failures="1" tests="5" name="Test" time="0.3" errors="0" timestamp="2021-04-25T23:44:25 GMT-07:00">
  <testcase classname="TestPackage.Day1" name="demo1" time="0.012"/>
  <testcase classname="TestPackage.Day2" name="Demo2" time="0.013">
    <failure type="java.lang.AssertionError" message="expected [true] but found [false]">
      <![CDATA[java.lang.AssertionError: expected [true] but found [false]
at TestPackage.Day2.Demo2(Day2.java:14)
at java.base/java.util.ArrayList.forEach(ArrayList.java:1511)
at java.base/java.util.concurrent.FutureTask.run(FutureTask.java:264)
at java.base/java.util.concurrent.ThreadPoolExecutor.runWorker(ThreadPoolExecutor.java:1130)
at java.base/java.util.concurrent.ThreadPoolExecutor$Worker.run(ThreadPoolExecutor.java:630)
at java.base/java.lang.Thread.run(Thread.java:832)
... Removed 22 stack frames]]>
    </failure>
  </testcase> <!-- Demo2 -->
  <testcase classname="TestPackage.Day4" name="XoginAPILoan" time="0.014"/>
  <testcase classname="TestPackage.Day4" name="MobloginHomeloan" time="0.009"/>
  <testcase classname="TestPackage.Day4" name="webloginHomeloan" time="0.004"/>
  <testcase classname="TestPackage.Day1" name="Demo" time="0.0">
    <ignored/>
  </testcase> <!-- Demo -->
</testsuite> <!-- Test -->
