<?xml version="1.0" encoding="UTF-8"?>
<!-- Generated by org.testng.reporters.JUnitXMLReporter -->
<testsuite ignored="0" hostname="DESKTOP-ERNB189" failures="0" tests="8" name="Default test" time="0.289" errors="0" timestamp="2021-04-25T22:51:48 GMT-07:00">
  <testcase classname="TestPackage.Day3" name="LoginAPICarLoan" time="0.027"/>
  <testcase classname="TestPackage.Day3" name="MobileLoginAPCarLoan" time="0.004"/>
  <testcase classname="TestPackage.Day3" name="MobileLoginAPICarLoan" time="0.006"/>
  <testcase classname="TestPackage.Day3" name="Mobilelogicarloan" time="0.006"/>
  <testcase classname="TestPackage.Day3" name="Mobilelogincarloan" time="0.015"/>
  <testcase classname="TestPackage.Day3" name="Mobilelogincarloan" time="0.01"/>
  <testcase classname="TestPackage.Day3" name="Mobilelogincarloan" time="0.01"/>
  <testcase classname="TestPackage.Day3" name="bfsuit" time="0.006"/>
</testsuite> <!-- Default test -->
