<?xml version="1.0" encoding="UTF-8"?>
<!-- Generated by org.testng.reporters.JUnitXMLReporter -->
<testsuite ignored="4" hostname="DESKTOP-ERNB189" failures="0" tests="1" name="carloan" time="0.026" errors="0" timestamp="2021-04-24T22:00:30 GMT-07:00">
  <testcase classname="TestPackage.Day3" name="LoginAPICarLoan" time="0.01"/>
  <testcase classname="TestPackage.Day3" name="Mobilelogicarloan" time="0.0">
    <ignored/>
  </testcase> <!-- Mobilelogicarloan -->
  <testcase classname="TestPackage.Day3" name="MobileLoginAPCarLoan" time="0.0">
    <ignored/>
  </testcase> <!-- MobileLoginAPCarLoan -->
  <testcase classname="TestPackage.Day3" name="MobileLoginAPICarLoan" time="0.0">
    <ignored/>
  </testcase> <!-- MobileLoginAPICarLoan -->
  <testcase classname="TestPackage.Day3" name="Mobilelogincarloan" time="0.0">
    <ignored/>
  </testcase> <!-- Mobilelogincarloan -->
</testsuite> <!-- carloan -->
