<?xml version="1.0" encoding="UTF-8"?>
<!-- Generated by org.testng.reporters.JUnitXMLReporter -->
<testsuite ignored="8" hostname="DESKTOP-ERNB189" failures="0" tests="3" name="RegressionFolder" time="0.18" errors="0" timestamp="2021-04-24T23:23:04 GMT-07:00">
  <testcase classname="TestPackage.Day1" name="Demo" time="0.024"/>
  <testcase classname="TestPackage.Day3" name="LoginAPICarLoan" time="0.004"/>
  <testcase classname="TestPackage.Day4" name="webloginHomeloan" time="0.005"/>
  <testcase classname="TestPackage.Day1" name="demo1" time="0.0">
    <ignored/>
  </testcase> <!-- demo1 -->
  <testcase classname="TestPackage.Day4" name="LoginAPILoan" time="0.0">
    <ignored/>
  </testcase> <!-- LoginAPILoan -->
  <testcase classname="TestPackage.Day4" name="MobloginHomeloan" time="0.0">
    <ignored/>
  </testcase> <!-- MobloginHomeloan -->
  <testcase classname="TestPackage.Day3" name="Mobilelogicarloan" time="0.0">
    <ignored/>
  </testcase> <!-- Mobilelogicarloan -->
  <testcase classname="TestPackage.Day3" name="MobileLoginAPCarLoan" time="0.0">
    <ignored/>
  </testcase> <!-- MobileLoginAPCarLoan -->
  <testcase classname="TestPackage.Day3" name="MobileLoginAPICarLoan" time="0.0">
    <ignored/>
  </testcase> <!-- MobileLoginAPICarLoan -->
  <testcase classname="TestPackage.Day2" name="Demo2" time="0.0">
    <ignored/>
  </testcase> <!-- Demo2 -->
  <testcase classname="TestPackage.Day3" name="Mobilelogincarloan" time="0.0">
    <ignored/>
  </testcase> <!-- Mobilelogincarloan -->
</testsuite> <!-- RegressionFolder -->
