<?xml version="1.0" encoding="UTF-8"?>
<!-- Generated by org.testng.reporters.JUnitXMLReporter -->
<testsuite ignored="1" hostname="DESKTOP-ERNB189" failures="0" tests="5" name="Test" time="0.25" errors="0" timestamp="2021-04-24T22:00:30 GMT-07:00">
  <testcase classname="TestPackage.Day1" name="demo1" time="0.023"/>
  <testcase classname="TestPackage.Day2" name="Demo2" time="0.003"/>
  <testcase classname="TestPackage.Day4" name="LoginAPILoan" time="0.008"/>
  <testcase classname="TestPackage.Day4" name="MobloginHomeloan" time="0.013"/>
  <testcase classname="TestPackage.Day4" name="webloginHomeloan" time="0.012"/>
  <testcase classname="TestPackage.Day1" name="Demo" time="0.0">
    <ignored/>
  </testcase> <!-- Demo -->
</testsuite> <!-- Test -->
